# JRE version: Java(TM) SE Runtime Environment (8.0_151-b12) (build 1.8.0_151-b12)
# Java VM: Java HotSpot(TM) 64-Bit Server VM (25.151-b12 mixed mode windows-amd64 compressed oops)
Heap:
 PSYoungGen      total 50176K, used 21429K [0x00000000d5a00000, 0x00000000da500000, 0x0000000100000000)
  eden space 45056K, 36% used [0x00000000d5a00000,0x00000000d69ed8f8,0x00000000d8600000)
  from space 5120K, 99% used [0x00000000da000000,0x00000000da4ffb20,0x00000000da500000)
  to   space 5120K, 0% used [0x00000000d9b00000,0x00000000d9b00000,0x00000000da000000)
 ParOldGen       total 75264K, used 18194K [0x0000000080e00000, 0x0000000085780000, 0x00000000d5a00000)
  object space 75264K, 24% used [0x0000000080e00000,0x0000000081fc49c0,0x0000000085780000)
 Metaspace       used 26749K, capacity 27938K, committed 28160K, reserved 1073152K
  class space    used 3779K, capacity 4048K, committed 4096K, reserved 1048576K
GC Heap History (10 events):
Event: 0.765 GC heap before
{Heap before GC invocations=1 (full 0):
 PSYoungGen      total 38400K, used 33280K [0x00000000d5a00000, 0x00000000d8480000, 0x0000000100000000)
  eden space 33280K, 100% used [0x00000000d5a00000,0x00000000d7a80000,0x00000000d7a80000)
  from space 5120K, 0% used [0x00000000d7f80000,0x00000000d7f80000,0x00000000d8480000)
  to   space 5120K, 0% used [0x00000000d7a80000,0x00000000d7a80000,0x00000000d7f80000)
 ParOldGen       total 87552K, used 0K [0x0000000080e00000, 0x0000000086380000, 0x00000000d5a00000)
  object space 87552K, 0% used [0x0000000080e00000,0x0000000080e00000,0x0000000086380000)
 Metaspace       used 10814K, capacity 11202K, committed 11520K, reserved 1058816K
  class space    used 1348K, capacity 1443K, committed 1536K, reserved 1048576K
Event: 0.770 GC heap after
Heap after GC invocations=1 (full 0):
 PSYoungGen      total 38400K, used 3408K [0x00000000d5a00000, 0x00000000d8480000, 0x0000000100000000)
  eden space 33280K, 0% used [0x00000000d5a00000,0x00000000d5a00000,0x00000000d7a80000)
  from space 5120K, 66% used [0x00000000d7a80000,0x00000000d7dd4030,0x00000000d7f80000)
  to   space 5120K, 0% used [0x00000000d7f80000,0x00000000d7f80000,0x00000000d8480000)
 ParOldGen       total 87552K, used 80K [0x0000000080e00000, 0x0000000086380000, 0x00000000d5a00000)
  object space 87552K, 0% used [0x0000000080e00000,0x0000000080e14010,0x0000000086380000)
 Metaspace       used 10814K, capacity 11202K, committed 11520K, reserved 1058816K
  class space    used 1348K, capacity 1443K, committed 1536K, reserved 1048576K
}
Event: 1.259 GC heap before
{Heap before GC invocations=2 (full 0):
 PSYoungGen      total 38400K, used 36688K [0x00000000d5a00000, 0x00000000d8480000, 0x0000000100000000)
  eden space 33280K, 100% used [0x00000000d5a00000,0x00000000d7a80000,0x00000000d7a80000)
  from space 5120K, 66% used [0x00000000d7a80000,0x00000000d7dd4030,0x00000000d7f80000)
  to   space 5120K, 0% used [0x00000000d7f80000,0x00000000d7f80000,0x00000000d8480000)
 ParOldGen       total 87552K, used 80K [0x0000000080e00000, 0x0000000086380000, 0x00000000d5a00000)
  object space 87552K, 0% used [0x0000000080e00000,0x0000000080e14010,0x0000000086380000)
 Metaspace       used 16169K, capacity 16620K, committed 16896K, reserved 1064960K
  class space    used 2128K, capacity 2295K, committed 2304K, reserved 1048576K
Event: 1.265 GC heap after
Heap after GC invocations=2 (full 0):
 PSYoungGen      total 38400K, used 5119K [0x00000000d5a00000, 0x00000000d8480000, 0x0000000100000000)
  eden space 33280K, 0% used [0x00000000d5a00000,0x00000000d5a00000,0x00000000d7a80000)
  from space 5120K, 99% used [0x00000000d7f80000,0x00000000d847fc28,0x00000000d8480000)
  to   space 5120K, 0% used [0x00000000d7a80000,0x00000000d7a80000,0x00000000d7f80000)
 ParOldGen       total 87552K, used 7881K [0x0000000080e00000, 0x0000000086380000, 0x00000000d5a00000)
  object space 87552K, 9% used [0x0000000080e00000,0x00000000815b2418,0x0000000086380000)
 Metaspace       used 16169K, capacity 16620K, committed 16896K, reserved 1064960K
  class space    used 2128K, capacity 2295K, committed 2304K, reserved 1048576K
}
Event: 1.645 GC heap before
{Heap before GC invocations=3 (full 0):
 PSYoungGen      total 38400K, used 22340K [0x00000000d5a00000, 0x00000000d8480000, 0x0000000100000000)
  eden space 33280K, 51% used [0x00000000d5a00000,0x00000000d6ad1480,0x00000000d7a80000)
  from space 5120K, 99% used [0x00000000d7f80000,0x00000000d847fc28,0x00000000d8480000)
  to   space 5120K, 0% used [0x00000000d7a80000,0x00000000d7a80000,0x00000000d7f80000)
 ParOldGen       total 87552K, used 7881K [0x0000000080e00000, 0x0000000086380000, 0x00000000d5a00000)
  object space 87552K, 9% used [0x0000000080e00000,0x00000000815b2418,0x0000000086380000)
 Metaspace       used 20322K, capacity 21194K, committed 21296K, reserved 1067008K
  class space    used 2912K, capacity 3130K, committed 3200K, reserved 1048576K
Event: 1.653 GC heap after
Heap after GC invocations=3 (full 0):
 PSYoungGen      total 38400K, used 5104K [0x00000000d5a00000, 0x00000000da500000, 0x0000000100000000)
  eden space 33280K, 0% used [0x00000000d5a00000,0x00000000d5a00000,0x00000000d7a80000)
  from space 5120K, 99% used [0x00000000d7a80000,0x00000000d7f7c050,0x00000000d7f80000)
  to   space 5120K, 0% used [0x00000000da000000,0x00000000da000000,0x00000000da500000)
 ParOldGen       total 87552K, used 9084K [0x0000000080e00000, 0x0000000086380000, 0x00000000d5a00000)
  object space 87552K, 10% used [0x0000000080e00000,0x00000000816df1d8,0x0000000086380000)
 Metaspace       used 20322K, capacity 21194K, committed 21296K, reserved 1067008K
  class space    used 2912K, capacity 3130K, committed 3200K, reserved 1048576K
}
Event: 1.653 GC heap before
{Heap before GC invocations=4 (full 1):
 PSYoungGen      total 38400K, used 5104K [0x00000000d5a00000, 0x00000000da500000, 0x0000000100000000)
  eden space 33280K, 0% used [0x00000000d5a00000,0x00000000d5a00000,0x00000000d7a80000)
  from space 5120K, 99% used [0x00000000d7a80000,0x00000000d7f7c050,0x00000000d7f80000)
  to   space 5120K, 0% used [0x00000000da000000,0x00000000da000000,0x00000000da500000)
 ParOldGen       total 87552K, used 9084K [0x0000000080e00000, 0x0000000086380000, 0x00000000d5a00000)
  object space 87552K, 10% used [0x0000000080e00000,0x00000000816df1d8,0x0000000086380000)
 Metaspace       used 20322K, capacity 21194K, committed 21296K, reserved 1067008K
  class space    used 2912K, capacity 3130K, committed 3200K, reserved 1048576K
Event: 1.683 GC heap after
Heap after GC invocations=4 (full 1):
 PSYoungGen      total 38400K, used 0K [0x00000000d5a00000, 0x00000000da500000, 0x0000000100000000)
  eden space 33280K, 0% used [0x00000000d5a00000,0x00000000d5a00000,0x00000000d7a80000)
  from space 5120K, 0% used [0x00000000d7a80000,0x00000000d7a80000,0x00000000d7f80000)
  to   space 5120K, 0% used [0x00000000da000000,0x00000000da000000,0x00000000da500000)
 ParOldGen       total 75264K, used 12736K [0x0000000080e00000, 0x0000000085780000, 0x00000000d5a00000)
  object space 75264K, 16% used [0x0000000080e00000,0x0000000081a70260,0x0000000085780000)
 Metaspace       used 20322K, capacity 21194K, committed 21296K, reserved 1067008K
  class space    used 2912K, capacity 3130K, committed 3200K, reserved 1048576K
}
Event: 3.226 GC heap before
{Heap before GC invocations=5 (full 1):
 PSYoungGen      total 38400K, used 33280K [0x00000000d5a00000, 0x00000000da500000, 0x0000000100000000)
  eden space 33280K, 100% used [0x00000000d5a00000,0x00000000d7a80000,0x00000000d7a80000)
  from space 5120K, 0% used [0x00000000d7a80000,0x00000000d7a80000,0x00000000d7f80000)
  to   space 5120K, 0% used [0x00000000da000000,0x00000000da000000,0x00000000da500000)
 ParOldGen       total 75264K, used 12736K [0x0000000080e00000, 0x0000000085780000, 0x00000000d5a00000)
  object space 75264K, 16% used [0x0000000080e00000,0x0000000081a70260,0x0000000085780000)
 Metaspace       used 24976K, capacity 26136K, committed 26496K, reserved 1071104K
  class space    used 3594K, capacity 3843K, committed 3968K, reserved 1048576K
Event: 3.230 GC heap after
Heap after GC invocations=5 (full 1):
 PSYoungGen      total 50176K, used 5118K [0x00000000d5a00000, 0x00000000da500000, 0x0000000100000000)
  eden space 45056K, 0% used [0x00000000d5a00000,0x00000000d5a00000,0x00000000d8600000)
  from space 5120K, 99% used [0x00000000da000000,0x00000000da4ffb20,0x00000000da500000)
  to   space 5120K, 0% used [0x00000000d9b00000,0x00000000d9b00000,0x00000000da000000)
 ParOldGen       total 75264K, used 18194K [0x0000000080e00000, 0x0000000085780000, 0x00000000d5a00000)
  object space 75264K, 24% used [0x0000000080e00000,0x0000000081fc49c0,0x0000000085780000)
 Metaspace       used 24976K, capacity 26136K, committed 26496K, reserved 1071104K
  class space    used 3594K, capacity 3843K, committed 3968K, reserved 1048576K
}

